<?xml version="1.0" encoding="UTF-8"?>
<!-- Generated by org.testng.reporters.JUnitReportReporter -->
<testsuite hostname="VI-ThinkPad" name="ru.st.selenium.AddNewUser" tests="1" failures="1" timestamp="31 Jul 2016 13:27:17 GMT" time="0.001" errors="0">
  <testcase name="addNewUserOK" time="0.001" classname="ru.st.selenium.AddNewUser">
    <failure type="org.openqa.selenium.WebDriverException" message="Failed to connect to binary FirefoxBinary(C:\Program Files (x86)\Mozilla Firefox\firefox.exe) on port 7055; process output follows: 
	DEBUG	Registering shutdown blocker for LightweightThemeManager
1469971589737	addons.manager	DEBUG	Provider finished startup: LightweightThemeManager
1469971589737	addons.manager	DEBUG	Starting provider: GMPProvider
1469971589745	addons.manager	DEBUG	Registering shutdown blocker for GMPProvider
1469971589745	addons.manager	DEBUG	Provider finished startup: GMPProvider
1469971589745	addons.manager	DEBUG	Starting provider: PluginProvider
1469971589745	addons.manager	DEBUG	Registering shutdown blocker for PluginProvider
1469971589746	addons.manager	DEBUG	Provider finished startup: PluginProvider
1469971589746	addons.manager	DEBUG	Completed startup sequence
1469971590790	DeferredSave.extensions.json	DEBUG	Starting timer
1469971590813	addons.manager	DEBUG	Starting provider: &lt;unnamed-provider&gt;
1469971590813	addons.manager	DEBUG	Registering shutdown blocker for &lt;unnamed-provider&gt;
1469971590814	addons.manager	DEBUG	Provider finished startup: &lt;unnamed-provider&gt;
1469971590839	DeferredSave.extensions.json	DEBUG	Starting write
1469971590976	addons.repository	DEBUG	No addons.json found.
1469971590977	DeferredSave.addons.json	DEBUG	Save changes
1469971590981	DeferredSave.addons.json	DEBUG	Starting timer
1469971591026	addons.manager	DEBUG	Starting provider: PreviousExperimentProvider
1469971591026	addons.manager	DEBUG	Registering shutdown blocker for PreviousExperimentProvider
1469971591026	addons.manager	DEBUG	Provider finished startup: PreviousExperimentProvider
1469971591035	DeferredSave.addons.json	DEBUG	Starting write
1469971591037	DeferredSave.extensions.json	DEBUG	Write succeeded
1469971591130	DeferredSave.addons.json	DEBUG	Write succeeded
1469971591254	addons.xpi	DEBUG	Calling bootstrap method shutdown on e10srollout@mozilla.org version 1.0
1469971591255	addons.xpi	DEBUG	Calling bootstrap method shutdown on firefox@getpocket.com version 1.0.2
1469971591256	addons.xpi	DEBUG	Calling bootstrap method shutdown on loop@mozilla.org version 1.3.2
1469971591488	addons.manager	DEBUG	shutdown
1469971591489	addons.manager	DEBUG	Calling shutdown blocker for XPIProvider
1469971591489	addons.xpi	DEBUG	shutdown
1469971591490	addons.xpi-utils	DEBUG	shutdown
1469971591491	addons.manager	DEBUG	Calling shutdown blocker for LightweightThemeManager
1469971591491	addons.manager	DEBUG	Calling shutdown blocker for GMPProvider
1469971591495	addons.manager	DEBUG	Calling shutdown blocker for PluginProvider
1469971591495	addons.manager	DEBUG	Calling shutdown blocker for &lt;unnamed-provider&gt;
1469971591498	addons.manager	DEBUG	Calling shutdown blocker for PreviousExperimentProvider
1469971591502	addons.xpi	DEBUG	Notifying XPI shutdown observers
1469971591504	addons.manager	DEBUG	Async provider shutdown done
console.error: 
  Message: Error: Connection closed before committing the transaction.
  Stack:
    ConnectionData.prototype&lt;.executeTransaction/promise&lt;/transactionPromise&lt;@resource://gre/modules/Sqlite.jsm:617:19
TaskImpl_run@resource://gre/modules/Task.jsm:319:40
Handler.prototype.process@resource://gre/modules/Promise.jsm -&gt; resource://gre/modules/Promise-backend.js:937:23
this.PromiseWalker.walkerLoop@resource://gre/modules/Promise.jsm -&gt; resource://gre/modules/Promise-backend.js:816:7
this.PromiseWalker.scheduleWalkerLoop/&lt;@resource://gre/modules/Promise.jsm -&gt; resource://gre/modules/Promise-backend.js:750:11
Spinner.prototype.observe@resource://gre/modules/AsyncShutdown.jsm:551:9
nsAsyncShutdownClient.prototype.addBlocker/moduleBlocker/&lt;@resource://gre/components/nsAsyncShutdown.js:157:15
Promise@resource://gre/modules/Promise.jsm -&gt; resource://gre/modules/Promise-backend.js:388:5
nsAsyncShutdownClient.prototype.addBlocker/moduleBlocker@resource://gre/components/nsAsyncShutdown.js:153:29
Barrier/this.client.addBlocker/promise&lt;/trigger@resource://gre/modules/AsyncShutdown.jsm:720:23
Barrier.prototype&lt;._wait@resource://gre/modules/AsyncShutdown.jsm:867:7
Barrier.prototype&lt;.wait@resource://gre/modules/AsyncShutdown.jsm:851:28
Spinner.prototype.observe@resource://gre/modules/AsyncShutdown.jsm:534:17


Build info: version: &#039;2.43.1&#039;, revision: &#039;5163bceef1bc36d43f3dc0b83c88998168a363a0&#039;, time: &#039;2014-09-10 09:43:55&#039;
System info: host: &#039;VI-ThinkPad&#039;, ip: &#039;192.168.43.211&#039;, os.name: &#039;Windows 7&#039;, os.arch: &#039;amd64&#039;, os.version: &#039;6.1&#039;, java.version: &#039;1.8.0_91&#039;
Driver info: driver.version: FirefoxDriver">
      <![CDATA[org.openqa.selenium.WebDriverException: Failed to connect to binary FirefoxBinary(C:\Program Files (x86)\Mozilla Firefox\firefox.exe) on port 7055; process output follows: 
	DEBUG	Registering shutdown blocker for LightweightThemeManager
1469971589737	addons.manager	DEBUG	Provider finished startup: LightweightThemeManager
1469971589737	addons.manager	DEBUG	Starting provider: GMPProvider
1469971589745	addons.manager	DEBUG	Registering shutdown blocker for GMPProvider
1469971589745	addons.manager	DEBUG	Provider finished startup: GMPProvider
1469971589745	addons.manager	DEBUG	Starting provider: PluginProvider
1469971589745	addons.manager	DEBUG	Registering shutdown blocker for PluginProvider
1469971589746	addons.manager	DEBUG	Provider finished startup: PluginProvider
1469971589746	addons.manager	DEBUG	Completed startup sequence
1469971590790	DeferredSave.extensions.json	DEBUG	Starting timer
1469971590813	addons.manager	DEBUG	Starting provider: <unnamed-provider>
1469971590813	addons.manager	DEBUG	Registering shutdown blocker for <unnamed-provider>
1469971590814	addons.manager	DEBUG	Provider finished startup: <unnamed-provider>
1469971590839	DeferredSave.extensions.json	DEBUG	Starting write
1469971590976	addons.repository	DEBUG	No addons.json found.
1469971590977	DeferredSave.addons.json	DEBUG	Save changes
1469971590981	DeferredSave.addons.json	DEBUG	Starting timer
1469971591026	addons.manager	DEBUG	Starting provider: PreviousExperimentProvider
1469971591026	addons.manager	DEBUG	Registering shutdown blocker for PreviousExperimentProvider
1469971591026	addons.manager	DEBUG	Provider finished startup: PreviousExperimentProvider
1469971591035	DeferredSave.addons.json	DEBUG	Starting write
1469971591037	DeferredSave.extensions.json	DEBUG	Write succeeded
1469971591130	DeferredSave.addons.json	DEBUG	Write succeeded
1469971591254	addons.xpi	DEBUG	Calling bootstrap method shutdown on e10srollout@mozilla.org version 1.0
1469971591255	addons.xpi	DEBUG	Calling bootstrap method shutdown on firefox@getpocket.com version 1.0.2
1469971591256	addons.xpi	DEBUG	Calling bootstrap method shutdown on loop@mozilla.org version 1.3.2
1469971591488	addons.manager	DEBUG	shutdown
1469971591489	addons.manager	DEBUG	Calling shutdown blocker for XPIProvider
1469971591489	addons.xpi	DEBUG	shutdown
1469971591490	addons.xpi-utils	DEBUG	shutdown
1469971591491	addons.manager	DEBUG	Calling shutdown blocker for LightweightThemeManager
1469971591491	addons.manager	DEBUG	Calling shutdown blocker for GMPProvider
1469971591495	addons.manager	DEBUG	Calling shutdown blocker for PluginProvider
1469971591495	addons.manager	DEBUG	Calling shutdown blocker for <unnamed-provider>
1469971591498	addons.manager	DEBUG	Calling shutdown blocker for PreviousExperimentProvider
1469971591502	addons.xpi	DEBUG	Notifying XPI shutdown observers
1469971591504	addons.manager	DEBUG	Async provider shutdown done
console.error: 
  Message: Error: Connection closed before committing the transaction.
  Stack:
    ConnectionData.prototype<.executeTransaction/promise</transactionPromise<@resource://gre/modules/Sqlite.jsm:617:19
TaskImpl_run@resource://gre/modules/Task.jsm:319:40
Handler.prototype.process@resource://gre/modules/Promise.jsm -> resource://gre/modules/Promise-backend.js:937:23
this.PromiseWalker.walkerLoop@resource://gre/modules/Promise.jsm -> resource://gre/modules/Promise-backend.js:816:7
this.PromiseWalker.scheduleWalkerLoop/<@resource://gre/modules/Promise.jsm -> resource://gre/modules/Promise-backend.js:750:11
Spinner.prototype.observe@resource://gre/modules/AsyncShutdown.jsm:551:9
nsAsyncShutdownClient.prototype.addBlocker/moduleBlocker/<@resource://gre/components/nsAsyncShutdown.js:157:15
Promise@resource://gre/modules/Promise.jsm -> resource://gre/modules/Promise-backend.js:388:5
nsAsyncShutdownClient.prototype.addBlocker/moduleBlocker@resource://gre/components/nsAsyncShutdown.js:153:29
Barrier/this.client.addBlocker/promise</trigger@resource://gre/modules/AsyncShutdown.jsm:720:23
Barrier.prototype<._wait@resource://gre/modules/AsyncShutdown.jsm:867:7
Barrier.prototype<.wait@resource://gre/modules/AsyncShutdown.jsm:851:28
Spinner.prototype.observe@resource://gre/modules/AsyncShutdown.jsm:534:17


Build info: version: '2.43.1', revision: '5163bceef1bc36d43f3dc0b83c88998168a363a0', time: '2014-09-10 09:43:55'
System info: host: 'VI-ThinkPad', ip: '192.168.43.211', os.name: 'Windows 7', os.arch: 'amd64', os.version: '6.1', java.version: '1.8.0_91'
Driver info: driver.version: FirefoxDriver
	at org.openqa.selenium.firefox.internal.NewProfileExtensionConnection.start(NewProfileExtensionConnection.java:130)
	at org.openqa.selenium.firefox.FirefoxDriver.startClient(FirefoxDriver.java:246)
	at org.openqa.selenium.remote.RemoteWebDriver.<init>(RemoteWebDriver.java:114)
	at org.openqa.selenium.firefox.FirefoxDriver.<init>(FirefoxDriver.java:191)
	at org.openqa.selenium.firefox.FirefoxDriver.<init>(FirefoxDriver.java:186)
	at org.openqa.selenium.firefox.FirefoxDriver.<init>(FirefoxDriver.java:182)
	at org.openqa.selenium.firefox.FirefoxDriver.<init>(FirefoxDriver.java:99)
	at ru.st.selenium.webdriver.WebDriverFactory.getInstance(WebDriverFactory.java:159)
	at ru.st.selenium.webdriver.WebDriverFactory.getInstance(WebDriverFactory.java:74)
	at ru.st.selenium.applogic2.ApplicationManager2.<init>(ApplicationManager2.java:34)
	at ru.st.selenium.pages.TestBase.init(TestBase.java:18)
	at sun.reflect.NativeMethodAccessorImpl.invoke0(Native Method)
	at sun.reflect.NativeMethodAccessorImpl.invoke(NativeMethodAccessorImpl.java:62)
	at sun.reflect.DelegatingMethodAccessorImpl.invoke(DelegatingMethodAccessorImpl.java:43)
	at java.lang.reflect.Method.invoke(Method.java:498)
	at org.testng.internal.MethodInvocationHelper.invokeMethod(MethodInvocationHelper.java:80)
	at org.testng.internal.Invoker.invokeConfigurationMethod(Invoker.java:564)
	at org.testng.internal.Invoker.invokeConfigurations(Invoker.java:213)
	at org.testng.internal.Invoker.invokeConfigurations(Invoker.java:138)
	at org.testng.internal.TestMethodWorker.invokeBeforeClassMethods(TestMethodWorker.java:175)
	at org.testng.internal.TestMethodWorker.run(TestMethodWorker.java:107)
	at org.testng.TestRunner.privateRun(TestRunner.java:767)
	at org.testng.TestRunner.run(TestRunner.java:617)
	at org.testng.SuiteRunner.runTest(SuiteRunner.java:334)
	at org.testng.SuiteRunner.runSequentially(SuiteRunner.java:329)
	at org.testng.SuiteRunner.privateRun(SuiteRunner.java:291)
	at org.testng.SuiteRunner.run(SuiteRunner.java:240)
	at org.testng.SuiteRunnerWorker.runSuite(SuiteRunnerWorker.java:52)
	at org.testng.SuiteRunnerWorker.run(SuiteRunnerWorker.java:86)
	at org.testng.TestNG.runSuitesSequentially(TestNG.java:1198)
	at org.testng.TestNG.runSuitesLocally(TestNG.java:1123)
	at org.testng.TestNG.run(TestNG.java:1031)
	at org.apache.maven.surefire.testng.TestNGExecutor.run(TestNGExecutor.java:178)
	at org.apache.maven.surefire.testng.TestNGXmlTestSuite.execute(TestNGXmlTestSuite.java:92)
	at org.apache.maven.surefire.testng.TestNGProvider.invoke(TestNGProvider.java:96)
	at sun.reflect.NativeMethodAccessorImpl.invoke0(Native Method)
	at sun.reflect.NativeMethodAccessorImpl.invoke(NativeMethodAccessorImpl.java:62)
	at sun.reflect.DelegatingMethodAccessorImpl.invoke(DelegatingMethodAccessorImpl.java:43)
	at java.lang.reflect.Method.invoke(Method.java:498)
	at org.apache.maven.surefire.util.ReflectionUtils.invokeMethodWithArray(ReflectionUtils.java:189)
	at org.apache.maven.surefire.booter.ProviderFactory$ProviderProxy.invoke(ProviderFactory.java:165)
	at org.apache.maven.surefire.booter.ProviderFactory.invokeProvider(ProviderFactory.java:85)
	at org.apache.maven.surefire.booter.ForkedBooter.runSuitesInProcess(ForkedBooter.java:115)
	at org.apache.maven.surefire.booter.ForkedBooter.main(ForkedBooter.java:75)
Caused by: org.openqa.selenium.firefox.NotConnectedException: Unable to connect to host 127.0.0.1 on port 7055 after 45000 ms. Firefox console output:
	DEBUG	Registering shutdown blocker for LightweightThemeManager
1469971589737	addons.manager	DEBUG	Provider finished startup: LightweightThemeManager
1469971589737	addons.manager	DEBUG	Starting provider: GMPProvider
1469971589745	addons.manager	DEBUG	Registering shutdown blocker for GMPProvider
1469971589745	addons.manager	DEBUG	Provider finished startup: GMPProvider
1469971589745	addons.manager	DEBUG	Starting provider: PluginProvider
1469971589745	addons.manager	DEBUG	Registering shutdown blocker for PluginProvider
1469971589746	addons.manager	DEBUG	Provider finished startup: PluginProvider
1469971589746	addons.manager	DEBUG	Completed startup sequence
1469971590790	DeferredSave.extensions.json	DEBUG	Starting timer
1469971590813	addons.manager	DEBUG	Starting provider: <unnamed-provider>
1469971590813	addons.manager	DEBUG	Registering shutdown blocker for <unnamed-provider>
1469971590814	addons.manager	DEBUG	Provider finished startup: <unnamed-provider>
1469971590839	DeferredSave.extensions.json	DEBUG	Starting write
1469971590976	addons.repository	DEBUG	No addons.json found.
1469971590977	DeferredSave.addons.json	DEBUG	Save changes
1469971590981	DeferredSave.addons.json	DEBUG	Starting timer
1469971591026	addons.manager	DEBUG	Starting provider: PreviousExperimentProvider
1469971591026	addons.manager	DEBUG	Registering shutdown blocker for PreviousExperimentProvider
1469971591026	addons.manager	DEBUG	Provider finished startup: PreviousExperimentProvider
1469971591035	DeferredSave.addons.json	DEBUG	Starting write
1469971591037	DeferredSave.extensions.json	DEBUG	Write succeeded
1469971591130	DeferredSave.addons.json	DEBUG	Write succeeded
1469971591254	addons.xpi	DEBUG	Calling bootstrap method shutdown on e10srollout@mozilla.org version 1.0
1469971591255	addons.xpi	DEBUG	Calling bootstrap method shutdown on firefox@getpocket.com version 1.0.2
1469971591256	addons.xpi	DEBUG	Calling bootstrap method shutdown on loop@mozilla.org version 1.3.2
1469971591488	addons.manager	DEBUG	shutdown
1469971591489	addons.manager	DEBUG	Calling shutdown blocker for XPIProvider
1469971591489	addons.xpi	DEBUG	shutdown
1469971591490	addons.xpi-utils	DEBUG	shutdown
1469971591491	addons.manager	DEBUG	Calling shutdown blocker for LightweightThemeManager
1469971591491	addons.manager	DEBUG	Calling shutdown blocker for GMPProvider
1469971591495	addons.manager	DEBUG	Calling shutdown blocker for PluginProvider
1469971591495	addons.manager	DEBUG	Calling shutdown blocker for <unnamed-provider>
1469971591498	addons.manager	DEBUG	Calling shutdown blocker for PreviousExperimentProvider
1469971591502	addons.xpi	DEBUG	Notifying XPI shutdown observers
1469971591504	addons.manager	DEBUG	Async provider shutdown done
console.error: 
  Message: Error: Connection closed before committing the transaction.
  Stack:
    ConnectionData.prototype<.executeTransaction/promise</transactionPromise<@resource://gre/modules/Sqlite.jsm:617:19
TaskImpl_run@resource://gre/modules/Task.jsm:319:40
Handler.prototype.process@resource://gre/modules/Promise.jsm -> resource://gre/modules/Promise-backend.js:937:23
this.PromiseWalker.walkerLoop@resource://gre/modules/Promise.jsm -> resource://gre/modules/Promise-backend.js:816:7
this.PromiseWalker.scheduleWalkerLoop/<@resource://gre/modules/Promise.jsm -> resource://gre/modules/Promise-backend.js:750:11
Spinner.prototype.observe@resource://gre/modules/AsyncShutdown.jsm:551:9
nsAsyncShutdownClient.prototype.addBlocker/moduleBlocker/<@resource://gre/components/nsAsyncShutdown.js:157:15
Promise@resource://gre/modules/Promise.jsm -> resource://gre/modules/Promise-backend.js:388:5
nsAsyncShutdownClient.prototype.addBlocker/moduleBlocker@resource://gre/components/nsAsyncShutdown.js:153:29
Barrier/this.client.addBlocker/promise</trigger@resource://gre/modules/AsyncShutdown.jsm:720:23
Barrier.prototype<._wait@resource://gre/modules/AsyncShutdown.jsm:867:7
Barrier.prototype<.wait@resource://gre/modules/AsyncShutdown.jsm:851:28
Spinner.prototype.observe@resource://gre/modules/AsyncShutdown.jsm:534:17


	at org.openqa.selenium.firefox.internal.NewProfileExtensionConnection.start(NewProfileExtensionConnection.java:118)
	... 43 more
]]>
    </failure>
  </testcase> <!-- addNewUserOK -->
</testsuite> <!-- ru.st.selenium.AddNewUser -->
